{
  "stats": {
    "suites": 1,
    "tests": 2,
    "passes": 0,
    "pending": 0,
    "failures": 2,
    "start": "2023-01-05T06:24:12.003Z",
    "end": "2023-01-05T06:25:20.984Z",
    "duration": 68981,
    "testsRegistered": 2,
    "passPercent": 0,
    "pendingPercent": 0,
    "other": 0,
    "hasOther": false,
    "skipped": 0,
    "hasSkipped": false
  },
  "results": [
    {
      "uuid": "2b0726eb-cba8-4e9f-a453-7ead4aac4479",
      "title": "",
      "fullFile": "cypress/e2e/grammarly.spec.cy.js",
      "file": "cypress/e2e/grammarly.spec.cy.js",
      "beforeHooks": [],
      "afterHooks": [],
      "tests": [],
      "suites": [
        {
          "uuid": "f2943070-6e30-4371-ae1f-441fb9d167a1",
          "title": "test grammarly funtionalities",
          "fullFile": "",
          "file": "",
          "beforeHooks": [],
          "afterHooks": [],
          "tests": [
            {
              "title": "should check spelling error with incorrect english word",
              "fullTitle": "test grammarly funtionalities should check spelling error with incorrect english word",
              "timedOut": null,
              "duration": 35169,
              "state": "failed",
              "speed": null,
              "pass": false,
              "fail": true,
              "pending": false,
              "context": null,
              "code": "cy.openNewDocument();\ncy.enterText(\"this a random text to validte correctness\");\ncy.verifyCorrectness();",
              "err": {
                "message": "AssertionError: Timed out retrying after 30000ms: Expected to find element: `[data-name='My Grammarly']`, but never found it.",
                "estack": "AssertionError: Timed out retrying after 30000ms: Expected to find element: `[data-name='My Grammarly']`, but never found it.\n    at Context.eval (webpack:///./cypress/support/grammarly.actions.js:27:33)",
                "diff": null
              },
              "uuid": "c247a86a-d521-4757-a8ac-382a3f929d9e",
              "parentUUID": "f2943070-6e30-4371-ae1f-441fb9d167a1",
              "isHook": false,
              "skipped": false
            },
            {
              "title": "should check spelling error with non-english word",
              "fullTitle": "test grammarly funtionalities should check spelling error with non-english word",
              "timedOut": null,
              "duration": 33699,
              "state": "failed",
              "speed": null,
              "pass": false,
              "fail": true,
              "pending": false,
              "context": null,
              "code": "cy.openNewDocument();\ncy.enterText(\"Me gusta ir al museo\");\ncy.verifyCorrectness();",
              "err": {
                "message": "AssertionError: Timed out retrying after 30000ms: Expected to find element: `[data-name='My Grammarly']`, but never found it.",
                "estack": "AssertionError: Timed out retrying after 30000ms: Expected to find element: `[data-name='My Grammarly']`, but never found it.\n    at Context.eval (webpack:///./cypress/support/grammarly.actions.js:27:33)",
                "diff": null
              },
              "uuid": "598b5dc8-b789-48ae-8126-e08351bbfbe3",
              "parentUUID": "f2943070-6e30-4371-ae1f-441fb9d167a1",
              "isHook": false,
              "skipped": false
            }
          ],
          "suites": [],
          "passes": [],
          "failures": [
            "c247a86a-d521-4757-a8ac-382a3f929d9e",
            "598b5dc8-b789-48ae-8126-e08351bbfbe3"
          ],
          "pending": [],
          "skipped": [],
          "duration": 68868,
          "root": false,
          "rootEmpty": false,
          "_timeout": 2000
        }
      ],
      "passes": [],
      "failures": [],
      "pending": [],
      "skipped": [],
      "duration": 0,
      "root": true,
      "rootEmpty": true,
      "_timeout": 2000
    }
  ],
  "meta": {
    "mocha": {
      "version": "7.0.1"
    },
    "mochawesome": {
      "options": {
        "quiet": false,
        "reportFilename": "mochawesome",
        "saveHtml": true,
        "saveJson": true,
        "consoleReporter": "spec",
        "useInlineDiffs": false,
        "code": true
      },
      "version": "7.1.3"
    },
    "marge": {
      "options": {
        "overwrite": true,
        "html": true,
        "json": true
      },
      "version": "6.2.0"
    }
  }
}